**********************
Início da transcrição do Windows PowerShell
Hora de início: 20251024013928
Nome de Usuário: Video_produção\pfsba
Executar como Usuário: Video_produção\pfsba
Nome da Configuração: 
Computador: VIDEO_PRODUÇÃO (Microsoft Windows NT 10.0.26100.0)
Aplicativo Host: C:\Windows\System32\WindowsPowerShell\v1.0\powershell.exe
ID do Processo: 14364
PSVersion: 5.1.26100.6899
PSEdition: Desktop
PSCompatibleVersions: 1.0, 2.0, 3.0, 4.0, 5.0, 5.1.26100.6899
BuildVersion: 10.0.26100.6899
CLRVersion: 4.0.30319.42000
WSManStackVersion: 3.0
PSRemotingProtocolVersion: 2.3
SerializationVersion: 1.1.0.1
**********************
📦 Criando backup...
✅ Backup salvo em C:\ProjetosEV\EVStopPlanner\backups_full_2025-10-24_013928

🧹 Limpando dependências antigas...
A propriedade 'Statement' não foi encontrada neste objeto. Verifique se a propriedade existe.
No C:\Program Files\nodejs\npm.ps1:30 caractere:7
+   if ($MyInvocation.Statement) {
+       ~~~~~~~~~~~~~~~~~~~~~~~
    + CategoryInfo          : NotSpecified: (:) [], PropertyNotFoundException
    + FullyQualifiedErrorId : PropertyNotFoundStrict
A propriedade 'Statement' não foi encontrada neste objeto. Verifique se a propriedade existe.
No C:\Program Files\nodejs\npm.ps1:30 caractere:7
+   if ($MyInvocation.Statement) {
+       ~~~~~~~~~~~~~~~~~~~~~~~
    + CategoryInfo          : NotSpecified: (:) [], PropertyNotFoundException
    + FullyQualifiedErrorId : PropertyNotFoundStrict

A propriedade 'PipelineElements' não foi encontrada neste objeto. Verifique se a propriedade existe.
No C:\Program Files\nodejs\npm.ps1:41 caractere:3
+   $NPM_NO_REDIRECTS_COMMAND = [Management.Automation.Language.Parser] ...
+   ~~~~~~~~~~~~~~~~~~~~~~~~~~~~~~~~~~~~~~~~~~~~~~~~~~~~~~~~~~~~~~~~~~~
    + CategoryInfo          : InvalidOperation: (:) [], RuntimeException
    + FullyQualifiedErrorId : PropertyNotFoundStrict
A propriedade 'PipelineElements' não foi encontrada neste objeto. Verifique se a propriedade existe.
No C:\Program Files\nodejs\npm.ps1:41 caractere:3
+   $NPM_NO_REDIRECTS_COMMAND = [Management.Automation.Language.Parser] ...
+   ~~~~~~~~~~~~~~~~~~~~~~~~~~~~~~~~~~~~~~~~~~~~~~~~~~~~~~~~~~~~~~~~~~~
    + CategoryInfo          : InvalidOperation: (:) [], RuntimeException
    + FullyQualifiedErrorId : PropertyNotFoundStrict

Não é possível chamar um método em uma expressão de valor nulo.
No C:\Program Files\nodejs\npm.ps1:43 caractere:3
+   $NPM_ARGS = $NPM_NO_REDIRECTS_COMMAND.Substring($MyInvocation.Invoc ...
+   ~~~~~~~~~~~~~~~~~~~~~~~~~~~~~~~~~~~~~~~~~~~~~~~~~~~~~~~~~~~~~~~~~~~
    + CategoryInfo          : InvalidOperation: (:) [], RuntimeException
    + FullyQualifiedErrorId : InvokeMethodOnNull
Não é possível chamar um método em uma expressão de valor nulo.
No C:\Program Files\nodejs\npm.ps1:43 caractere:3
+   $NPM_ARGS = $NPM_NO_REDIRECTS_COMMAND.Substring($MyInvocation.Invoc ...
+   ~~~~~~~~~~~~~~~~~~~~~~~~~~~~~~~~~~~~~~~~~~~~~~~~~~~~~~~~~~~~~~~~~~~
    + CategoryInfo          : InvalidOperation: (:) [], RuntimeException
    + FullyQualifiedErrorId : InvokeMethodOnNull

npm <command>

Usage:

npm install        install all the dependencies in your project
npm install <foo>  add the <foo> dependency to your project
npm test           run this project's tests
npm run <foo>      run the script named <foo>
npm <command> -h   quick help on <command>
npm -l             display usage info for all commands
npm help <term>    search for help on <term> (in a browser)
npm help npm       more involved overview (in a browser)

All commands:

    access, adduser, audit, bugs, cache, ci, completion,
    config, dedupe, deprecate, diff, dist-tag, docs, doctor,
    edit, exec, explain, explore, find-dupes, fund, get, help,
    help-search, hook, init, install, install-ci-test,
    install-test, link, ll, login, logout, ls, org, outdated,
    owner, pack, ping, pkg, prefix, profile, prune, publish,
    query, rebuild, repo, restart, root, run-script, sbom,
    search, set, shrinkwrap, star, stars, start, stop, team,
    test, token, uninstall, unpublish, unstar, update, version,
    view, whoami

Specify configs in the ini-formatted file:
    C:\Users\pfsba\.npmrc
or on the command line via: npm <command> --key=value

More configuration info: npm help config
Configuration fields: npm help 7 config

npm@10.9.3 C:\Program Files\nodejs\node_modules\npm

📥 Instalando dependências...
A propriedade 'Statement' não foi encontrada neste objeto. Verifique se a propriedade existe.
No C:\Program Files\nodejs\npm.ps1:30 caractere:7
+   if ($MyInvocation.Statement) {
+       ~~~~~~~~~~~~~~~~~~~~~~~
    + CategoryInfo          : NotSpecified: (:) [], PropertyNotFoundException
    + FullyQualifiedErrorId : PropertyNotFoundStrict
A propriedade 'Statement' não foi encontrada neste objeto. Verifique se a propriedade existe.
No C:\Program Files\nodejs\npm.ps1:30 caractere:7
+   if ($MyInvocation.Statement) {
+       ~~~~~~~~~~~~~~~~~~~~~~~
    + CategoryInfo          : NotSpecified: (:) [], PropertyNotFoundException
    + FullyQualifiedErrorId : PropertyNotFoundStrict

A propriedade 'PipelineElements' não foi encontrada neste objeto. Verifique se a propriedade existe.
No C:\Program Files\nodejs\npm.ps1:41 caractere:3
+   $NPM_NO_REDIRECTS_COMMAND = [Management.Automation.Language.Parser] ...
+   ~~~~~~~~~~~~~~~~~~~~~~~~~~~~~~~~~~~~~~~~~~~~~~~~~~~~~~~~~~~~~~~~~~~
    + CategoryInfo          : InvalidOperation: (:) [], RuntimeException
    + FullyQualifiedErrorId : PropertyNotFoundStrict
A propriedade 'PipelineElements' não foi encontrada neste objeto. Verifique se a propriedade existe.
No C:\Program Files\nodejs\npm.ps1:41 caractere:3
+   $NPM_NO_REDIRECTS_COMMAND = [Management.Automation.Language.Parser] ...
+   ~~~~~~~~~~~~~~~~~~~~~~~~~~~~~~~~~~~~~~~~~~~~~~~~~~~~~~~~~~~~~~~~~~~
    + CategoryInfo          : InvalidOperation: (:) [], RuntimeException
    + FullyQualifiedErrorId : PropertyNotFoundStrict

Não é possível chamar um método em uma expressão de valor nulo.
No C:\Program Files\nodejs\npm.ps1:43 caractere:3
+   $NPM_ARGS = $NPM_NO_REDIRECTS_COMMAND.Substring($MyInvocation.Invoc ...
+   ~~~~~~~~~~~~~~~~~~~~~~~~~~~~~~~~~~~~~~~~~~~~~~~~~~~~~~~~~~~~~~~~~~~
    + CategoryInfo          : InvalidOperation: (:) [], RuntimeException
    + FullyQualifiedErrorId : InvokeMethodOnNull
Não é possível chamar um método em uma expressão de valor nulo.
No C:\Program Files\nodejs\npm.ps1:43 caractere:3
+   $NPM_ARGS = $NPM_NO_REDIRECTS_COMMAND.Substring($MyInvocation.Invoc ...
+   ~~~~~~~~~~~~~~~~~~~~~~~~~~~~~~~~~~~~~~~~~~~~~~~~~~~~~~~~~~~~~~~~~~~
    + CategoryInfo          : InvalidOperation: (:) [], RuntimeException
    + FullyQualifiedErrorId : InvokeMethodOnNull

npm <command>

Usage:

npm install        install all the dependencies in your project
npm install <foo>  add the <foo> dependency to your project
npm test           run this project's tests
npm run <foo>      run the script named <foo>
npm <command> -h   quick help on <command>
npm -l             display usage info for all commands
npm help <term>    search for help on <term> (in a browser)
npm help npm       more involved overview (in a browser)

All commands:

    access, adduser, audit, bugs, cache, ci, completion,
    config, dedupe, deprecate, diff, dist-tag, docs, doctor,
    edit, exec, explain, explore, find-dupes, fund, get, help,
    help-search, hook, init, install, install-ci-test,
    install-test, link, ll, login, logout, ls, org, outdated,
    owner, pack, ping, pkg, prefix, profile, prune, publish,
    query, rebuild, repo, restart, root, run-script, sbom,
    search, set, shrinkwrap, star, stars, start, stop, team,
    test, token, uninstall, unpublish, unstar, update, version,
    view, whoami

Specify configs in the ini-formatted file:
    C:\Users\pfsba\.npmrc
or on the command line via: npm <command> --key=value

More configuration info: npm help config
Configuration fields: npm help 7 config

npm@10.9.3 C:\Program Files\nodejs\node_modules\npm

🔧 Instalando react-native-vector-icons...
A propriedade 'Statement' não foi encontrada neste objeto. Verifique se a propriedade existe.
No C:\Program Files\nodejs\npm.ps1:30 caractere:7
+   if ($MyInvocation.Statement) {
+       ~~~~~~~~~~~~~~~~~~~~~~~
    + CategoryInfo          : NotSpecified: (:) [], PropertyNotFoundException
    + FullyQualifiedErrorId : PropertyNotFoundStrict
A propriedade 'Statement' não foi encontrada neste objeto. Verifique se a propriedade existe.
No C:\Program Files\nodejs\npm.ps1:30 caractere:7
+   if ($MyInvocation.Statement) {
+       ~~~~~~~~~~~~~~~~~~~~~~~
    + CategoryInfo          : NotSpecified: (:) [], PropertyNotFoundException
    + FullyQualifiedErrorId : PropertyNotFoundStrict

A propriedade 'PipelineElements' não foi encontrada neste objeto. Verifique se a propriedade existe.
No C:\Program Files\nodejs\npm.ps1:41 caractere:3
+   $NPM_NO_REDIRECTS_COMMAND = [Management.Automation.Language.Parser] ...
+   ~~~~~~~~~~~~~~~~~~~~~~~~~~~~~~~~~~~~~~~~~~~~~~~~~~~~~~~~~~~~~~~~~~~
    + CategoryInfo          : InvalidOperation: (:) [], RuntimeException
    + FullyQualifiedErrorId : PropertyNotFoundStrict
A propriedade 'PipelineElements' não foi encontrada neste objeto. Verifique se a propriedade existe.
No C:\Program Files\nodejs\npm.ps1:41 caractere:3
+   $NPM_NO_REDIRECTS_COMMAND = [Management.Automation.Language.Parser] ...
+   ~~~~~~~~~~~~~~~~~~~~~~~~~~~~~~~~~~~~~~~~~~~~~~~~~~~~~~~~~~~~~~~~~~~
    + CategoryInfo          : InvalidOperation: (:) [], RuntimeException
    + FullyQualifiedErrorId : PropertyNotFoundStrict

Não é possível chamar um método em uma expressão de valor nulo.
No C:\Program Files\nodejs\npm.ps1:43 caractere:3
+   $NPM_ARGS = $NPM_NO_REDIRECTS_COMMAND.Substring($MyInvocation.Invoc ...
+   ~~~~~~~~~~~~~~~~~~~~~~~~~~~~~~~~~~~~~~~~~~~~~~~~~~~~~~~~~~~~~~~~~~~
    + CategoryInfo          : InvalidOperation: (:) [], RuntimeException
    + FullyQualifiedErrorId : InvokeMethodOnNull
Não é possível chamar um método em uma expressão de valor nulo.
No C:\Program Files\nodejs\npm.ps1:43 caractere:3
+   $NPM_ARGS = $NPM_NO_REDIRECTS_COMMAND.Substring($MyInvocation.Invoc ...
+   ~~~~~~~~~~~~~~~~~~~~~~~~~~~~~~~~~~~~~~~~~~~~~~~~~~~~~~~~~~~~~~~~~~~
    + CategoryInfo          : InvalidOperation: (:) [], RuntimeException
    + FullyQualifiedErrorId : InvokeMethodOnNull

npm <command>

Usage:

npm install        install all the dependencies in your project
npm install <foo>  add the <foo> dependency to your project
npm test           run this project's tests
npm run <foo>      run the script named <foo>
npm <command> -h   quick help on <command>
npm -l             display usage info for all commands
npm help <term>    search for help on <term> (in a browser)
npm help npm       more involved overview (in a browser)

All commands:

    access, adduser, audit, bugs, cache, ci, completion,
    config, dedupe, deprecate, diff, dist-tag, docs, doctor,
    edit, exec, explain, explore, find-dupes, fund, get, help,
    help-search, hook, init, install, install-ci-test,
    install-test, link, ll, login, logout, ls, org, outdated,
    owner, pack, ping, pkg, prefix, profile, prune, publish,
    query, rebuild, repo, restart, root, run-script, sbom,
    search, set, shrinkwrap, star, stars, start, stop, team,
    test, token, uninstall, unpublish, unstar, update, version,
    view, whoami

Specify configs in the ini-formatted file:
    C:\Users\pfsba\.npmrc
or on the command line via: npm <command> --key=value

More configuration info: npm help config
Configuration fields: npm help 7 config

npm@10.9.3 C:\Program Files\nodejs\node_modules\npm
🧭 Corrigido import em MapScreen.tsx

⚙️ Corrigindo build.gradle...
✅ build.gradle limpo.

🧱 Limpando e recompilando...

FAILURE: Build failed with an exception.

* Where:
Settings file 'C:\ProjetosEV\EVStopPlanner\android\settings.gradle' line: 2

* What went wrong:
Error resolving plugin [id: 'com.facebook.react.settings']
> Included build 'C:\ProjetosEV\EVStopPlanner\node_modules\@react-native\gradle-plugin' does not exist.

* Try:
> Run with --stacktrace option to get the stack trace.
> Run with --info or --debug option to get more log output.
> Run with --scan to generate a Build Scan (Powered by Develocity).
> Get more help at https://help.gradle.org.

BUILD FAILED in 2s

📱 Iniciando build no dispositivo...
A propriedade 'Statement' não foi encontrada neste objeto. Verifique se a propriedade existe.
No C:\Program Files\nodejs\npx.ps1:30 caractere:7
+   if ($MyInvocation.Statement) {
+       ~~~~~~~~~~~~~~~~~~~~~~~
    + CategoryInfo          : NotSpecified: (:) [], PropertyNotFoundException
    + FullyQualifiedErrorId : PropertyNotFoundStrict
A propriedade 'Statement' não foi encontrada neste objeto. Verifique se a propriedade existe.
No C:\Program Files\nodejs\npx.ps1:30 caractere:7
+   if ($MyInvocation.Statement) {
+       ~~~~~~~~~~~~~~~~~~~~~~~
    + CategoryInfo          : NotSpecified: (:) [], PropertyNotFoundException
    + FullyQualifiedErrorId : PropertyNotFoundStrict

A propriedade 'PipelineElements' não foi encontrada neste objeto. Verifique se a propriedade existe.
No C:\Program Files\nodejs\npx.ps1:41 caractere:3
+   $NPX_NO_REDIRECTS_COMMAND = [Management.Automation.Language.Parser] ...
+   ~~~~~~~~~~~~~~~~~~~~~~~~~~~~~~~~~~~~~~~~~~~~~~~~~~~~~~~~~~~~~~~~~~~
    + CategoryInfo          : InvalidOperation: (:) [], RuntimeException
    + FullyQualifiedErrorId : PropertyNotFoundStrict
A propriedade 'PipelineElements' não foi encontrada neste objeto. Verifique se a propriedade existe.
No C:\Program Files\nodejs\npx.ps1:41 caractere:3
+   $NPX_NO_REDIRECTS_COMMAND = [Management.Automation.Language.Parser] ...
+   ~~~~~~~~~~~~~~~~~~~~~~~~~~~~~~~~~~~~~~~~~~~~~~~~~~~~~~~~~~~~~~~~~~~
    + CategoryInfo          : InvalidOperation: (:) [], RuntimeException
    + FullyQualifiedErrorId : PropertyNotFoundStrict

Não é possível chamar um método em uma expressão de valor nulo.
No C:\Program Files\nodejs\npx.ps1:43 caractere:3
+   $NPX_ARGS = $NPX_NO_REDIRECTS_COMMAND.Substring($MyInvocation.Invoc ...
+   ~~~~~~~~~~~~~~~~~~~~~~~~~~~~~~~~~~~~~~~~~~~~~~~~~~~~~~~~~~~~~~~~~~~
    + CategoryInfo          : InvalidOperation: (:) [], RuntimeException
    + FullyQualifiedErrorId : InvokeMethodOnNull
